<?xml version="1.0" encoding="UTF-8" ?>
<testsuites>
  <testsuite errors="0" failures="0" hostname="hieuttran0411" id="0" name="BiMapTest" package="hieuttran" skipped="0" tests="1" time="0.118" timestamp="2021-11-17T08:59:59">
      <properties>
[...]
</properties>

      <testcase classname="hieuttran.BiMapTest" name="testSet" time="0.028" />

      <system-out><![CDATA[]]></system-out>

      <system-err><![CDATA[]]></system-err>

  </testsuite>
  <testsuite errors="0" failures="0" hostname="hieuttran0411" id="1" name="BushTest" package="hieuttran" skipped="0" tests="3" time="0.089" timestamp="2021-11-17T08:59:59">
      <properties>
[...]
</properties>

      <testcase classname="hieuttran.BushTest" name="testCompareTo" time="0.003" />

      <testcase classname="hieuttran.BushTest" name="testValidate" time="0.016" />

      <testcase classname="hieuttran.BushTest" name="testValidateCoordinate" time="0.0" />

      <system-out><![CDATA[<
>=]]></system-out>

      <system-err><![CDATA[]]></system-err>

  </testsuite>
  <testsuite errors="0" failures="0" hostname="hieuttran0411" id="2" name="CoordinateTest" package="hieuttran" skipped="0" tests="3" time="0.084" timestamp="2021-11-17T09:00:00">
      <properties>
[...]
</properties>

      <testcase classname="hieuttran.CoordinateTest" name="testCompareTo" time="0.003" />

      <testcase classname="hieuttran.CoordinateTest" name="testValidate" time="0.015" />

      <testcase classname="hieuttran.CoordinateTest" name="testValidateCoordinate" time="0.0" />

      <system-out><![CDATA[<
>=]]></system-out>

      <system-err><![CDATA[]]></system-err>

  </testsuite>
  <testsuite errors="0" failures="0" hostname="hieuttran0411" id="3" name="InterestPointTest" package="hieuttran" skipped="0" tests="5" time="0.093" timestamp="2021-11-17T09:00:00">
      <properties>
[...]
</properties>

      <testcase classname="hieuttran.InterestPointTest" name="testValidateInterestPoint" time="0.022" />

      <testcase classname="hieuttran.InterestPointTest" name="testValidate" time="0.0" />

      <testcase classname="hieuttran.InterestPointTest" name="testX" time="0.001" />

      <testcase classname="hieuttran.InterestPointTest" name="testY" time="0.0" />

      <testcase classname="hieuttran.InterestPointTest" name="testHasMarker" time="0.0" />

      <system-out><![CDATA[]]></system-out>

      <system-err><![CDATA[]]></system-err>

  </testsuite>
  <testsuite errors="0" failures="0" hostname="hieuttran0411" id="4" name="RectilinearRegionTest" package="hieuttran" skipped="0" tests="2" time="0.098" timestamp="2021-11-17T09:00:01">
      <properties>
[...]
</properties>

      <testcase classname="hieuttran.RectilinearRegionTest" name="stressTest" time="0.028" />

      <testcase classname="hieuttran.RectilinearRegionTest" name="testAreConnected" time="0.005" />

      <system-out><![CDATA[]]></system-out>

      <system-err><![CDATA[]]></system-err>

  </testsuite>
</testsuites>
